<?xml version="1.0" encoding="UTF-8"?>
<!-- Generated by org.testng.reporters.JUnitReportReporter -->
<testsuite hostname="DESKTOP-QESH9RJ" failures="0" tests="4" name="selenium.NewTest" time="0.021" errors="0" timestamp="2022-11-25T15:11:00 IST" skipped="0">
  <testcase classname="selenium.NewTest" name="displaydata" time="0.004"/>
  <system-out/>
  <testcase classname="selenium.NewTest" name="displaydata" time="0.001"/>
  <system-out/>
  <testcase classname="selenium.NewTest" name="displaydata" time="0.014"/>
  <system-out/>
  <testcase classname="selenium.NewTest" name="second" time="0.002"/>
  <system-out/>
</testsuite> <!-- selenium.NewTest -->
